profiling OMP code with 16 thread
Pi is approximately 3.141592654516633942308e+00
Time taken: 0 seconds, 309872 microseconds

 Performance counter stats for './cOpenMP':

          4,728.71 msec task-clock:u              #   14.048 CPUs utilized          
                 0      context-switches:u        #    0.000 K/sec                  
                 0      cpu-migrations:u          #    0.000 K/sec                  
               591      page-faults:u             #    0.125 K/sec                  
    14,788,112,515      cycles:u                  #    3.127 GHz                      (37.46%)
         2,003,619      stalled-cycles-frontend:u #    0.01% frontend cycles idle     (37.24%)
    10,751,333,507      stalled-cycles-backend:u  #   72.70% backend cycles idle      (37.10%)
    20,256,387,515      instructions:u            #    1.37  insn per cycle         
                                                  #    0.53  stalled cycles per insn  (37.31%)
     4,087,902,754      branches:u                #  864.486 M/sec                    (37.52%)
           990,152      branch-misses:u           #    0.02% of all branches          (37.79%)
     9,479,130,988      L1-dcache-loads:u         # 2004.591 M/sec                    (37.85%)
            64,079      L1-dcache-load-misses:u   #    0.00% of all L1-dcache hits    (37.73%)
   <not supported>      LLC-loads:u                                                 
   <not supported>      LLC-load-misses:u                                           

       0.336613914 seconds time elapsed

       4.551409000 seconds user
       0.138343000 seconds sys


profiling OMP code with 8 thread
Pi is approximately 3.141592654515354965383e+00
Time taken: 0 seconds, 496270 microseconds

 Performance counter stats for './cOpenMP':

          3,967.22 msec task-clock:u              #    7.928 CPUs utilized          
                 0      context-switches:u        #    0.000 K/sec                  
                 0      cpu-migrations:u          #    0.000 K/sec                  
               507      page-faults:u             #    0.128 K/sec                  
    12,734,570,936      cycles:u                  #    3.210 GHz                      (37.52%)
           102,575      stalled-cycles-frontend:u #    0.00% frontend cycles idle     (37.56%)
    10,555,457,145      stalled-cycles-backend:u  #   82.89% backend cycles idle      (37.56%)
    12,999,511,924      instructions:u            #    1.02  insn per cycle         
                                                  #    0.81  stalled cycles per insn  (37.51%)
     1,128,527,733      branches:u                #  284.463 M/sec                    (37.44%)
            18,296      branch-misses:u           #    0.00% of all branches          (37.44%)
     7,537,897,216      L1-dcache-loads:u         # 1900.044 M/sec                    (37.48%)
               647      L1-dcache-load-misses:u   #    0.00% of all L1-dcache hits    (37.50%)
   <not supported>      LLC-loads:u                                                 
   <not supported>      LLC-load-misses:u                                           

       0.500383700 seconds time elapsed

       3.928087000 seconds user
       0.006943000 seconds sys


profiling OMP code with 4 thread
Pi is approximately 3.141592654512631810348e+00
Time taken: 0 seconds, 989479 microseconds

 Performance counter stats for './cOpenMP':

          3,959.00 msec task-clock:u              #    3.987 CPUs utilized          
                 0      context-switches:u        #    0.000 K/sec                  
                 0      cpu-migrations:u          #    0.000 K/sec                  
               490      page-faults:u             #    0.124 K/sec                  
    12,704,552,715      cycles:u                  #    3.209 GHz                      (37.51%)
           279,766      stalled-cycles-frontend:u #    0.00% frontend cycles idle     (37.41%)
    10,539,237,558      stalled-cycles-backend:u  #   82.96% backend cycles idle      (37.39%)
    12,938,567,075      instructions:u            #    1.02  insn per cycle         
                                                  #    0.81  stalled cycles per insn  (37.46%)
     1,077,621,433      branches:u                #  272.195 M/sec                    (37.54%)
             4,175      branch-misses:u           #    0.00% of all branches          (37.58%)
     7,531,984,482      L1-dcache-loads:u         # 1902.497 M/sec                    (37.56%)
             3,768      L1-dcache-load-misses:u   #    0.00% of all L1-dcache hits    (37.55%)
   <not supported>      LLC-loads:u                                                 
   <not supported>      LLC-load-misses:u                                           

       0.992883434 seconds time elapsed

       3.925697000 seconds user
       0.000988000 seconds sys


profiling OMP code with 2 thread
Pi is approximately 3.141592654515921179126e+00
Time taken: 1 seconds, 979339 microseconds

 Performance counter stats for './cOpenMP':

          3,960.66 msec task-clock:u              #    1.998 CPUs utilized          
                 0      context-switches:u        #    0.000 K/sec                  
                 0      cpu-migrations:u          #    0.000 K/sec                  
               513      page-faults:u             #    0.130 K/sec                  
    12,684,894,969      cycles:u                  #    3.203 GHz                      (37.45%)
            62,839      stalled-cycles-frontend:u #    0.00% frontend cycles idle     (37.44%)
    10,532,468,621      stalled-cycles-backend:u  #   83.03% backend cycles idle      (37.45%)
    12,897,698,478      instructions:u            #    1.02  insn per cycle         
                                                  #    0.82  stalled cycles per insn  (37.51%)
     1,078,417,479      branches:u                #  272.282 M/sec                    (37.54%)
             6,798      branch-misses:u           #    0.00% of all branches          (37.56%)
     7,521,731,993      L1-dcache-loads:u         # 1899.110 M/sec                    (37.54%)
             3,830      L1-dcache-load-misses:u   #    0.00% of all L1-dcache hits    (37.51%)
   <not supported>      LLC-loads:u                                                 
   <not supported>      LLC-load-misses:u                                           

       1.982420900 seconds time elapsed

       3.927644000 seconds user
       0.001978000 seconds sys


